Models created
Total number of words: 3140241
loss: 0.393631	learning rate: 0.001000	epoch: 0
КМнаниМаеиМпореееонниМсаеениМсоееееонниМнаММнаеМнеМСорееенниМоеееннМсоооооооооннннииМсоооеоонниММиемМнМсорееениММнаеМпаннММпорееенниМнМпореенниМпороооооннниМсоееениМнеМСоррееонниМКалиММКММнМалинМаМсоеееннМсалииММнаеМСоррееонниМнеМсоооооооооннннниМореаниМсаеаиМнеМпаниМоееееонниМКМБалииММСорреенниМроееееонниММнаеМоланМнМпаеМсаеениМпаниМнМпореаниМрееанМнМреенМпарениММнаеМпорееаниМаеиМпаемМнаенММКМпарениМсоеениМСоррееонниМореениМсаеаиМнеМсалениМнеМсоеееенниМнеМнаенМнеМнМсалиММсаранМоееееннМпореаниМсоеееенниМнМооооооннниМСареанМ

loss: 0.175144	learning rate: 0.001000	epoch: 1
loss: 0.151274	learning rate: 0.001000	epoch: 2
loss: 0.135212	learning rate: 0.001000	epoch: 3
loss: 0.120610	learning rate: 0.001000	epoch: 4
loss: 0.107253	learning rate: 0.001000	epoch: 5
loss: 0.102588	learning rate: 0.001000	epoch: 6
loss: 0.104706	learning rate: 0.001000	epoch: 7
loss: 0.102633	learning rate: 0.001000	epoch: 8
loss: 0.084245	learning rate: 0.001000	epoch: 9
loss: 0.077021	learning rate: 0.001000	epoch: 10
Пра этет шсте,гоовитлиси крошна раролловом неме. вте в Иссеветни асковна раслретевитисся затоллалае. гле о валлалим. шам засл. пражинни на браселис поласессссссе солаате в Сооровеннис Стата. Най. на оглит и срискени волна. вте Саакиннини в нерререревитевосте ололла стиер в зале атрололет Ная,Лорка. Соллаестя ввоветевани. вте утрит о жал салина паей а пототеть налов на селя перрор. вте полалити ити пол рака. На длолем сришка Саакиннини олосена стиер в кастам с нерелолес в рамо в роя вретя. колла основна палолит намоласть на ираалалаиси Драсра.

loss: 0.090449	learning rate: 0.001000	epoch: 11
loss: 0.068602	learning rate: 0.001000	epoch: 12
loss: 0.065236	learning rate: 0.001000	epoch: 13
loss: 0.057356	learning rate: 0.001000	epoch: 14
loss: 0.067412	learning rate: 0.001000	epoch: 15
loss: 0.054940	learning rate: 0.001000	epoch: 16
loss: 0.050244	learning rate: 0.001000	epoch: 17
loss: 0.048653	learning rate: 0.001000	epoch: 18
loss: 0.053462	learning rate: 0.001000	epoch: 19
loss: 0.045052	learning rate: 0.001000	epoch: 20
При этом экн-губернатор крайне разозливам тем- что в Итрмовете иктивно распростотеткам фотогралам- где он выглилит- как бомж- прибанске на знаклели политившивае событие в Создасннали Штаты. Так- на одном а снискав вилно- что Сааканшель в непрезенеталаениема одежде стоит в зале аэрорлето !ью-Норка. Создается ввенеравили- что утром он был сильно пьян и поетрая надел на себя первое- что полеблис иза под раку. На драдни сниска Сааканшель одиноко стоит в кустах с теледоном в раке в то время- когда основным публика намаломся на инаадораати Трамро.

loss: 0.042076	learning rate: 0.001000	epoch: 21
loss: 0.040552	learning rate: 0.001000	epoch: 22
loss: 0.039081	learning rate: 0.001000	epoch: 23
loss: 0.063406	learning rate: 0.001000	epoch: 24
loss: 0.042699	learning rate: 0.001000	epoch: 25
loss: 0.039290	learning rate: 0.001000	epoch: 26
loss: 0.037513	learning rate: 0.001000	epoch: 27
loss: 0.036241	learning rate: 0.001000	epoch: 28
loss: 0.035272	learning rate: 0.001000	epoch: 29
loss: 0.034566	learning rate: 0.001000	epoch: 30
При этом экс-губернатор крайне разозлился тем, что в Интернете активно распространьмим фотографии, где он выглядит, как бомж, прибывший на знаковое политившилте событие в Создиненные Штаты. Так, на одном и снимков видно, что Саакашвасе в непрезенталамолом одежде стоит в зале аэрорпато Нью-Норка. Создается впечатление, что утром он был сильно пьян и поэтому надел на себя первое, что попалось ему под руку. На другом снимке Саакашвасе одиноко стоит в кустах с теледоном в руке в то время, когда основная публика находится на инаугурации Трампа.

loss: 0.033875	learning rate: 0.001000	epoch: 31
loss: 0.033278	learning rate: 0.001000	epoch: 32
loss: 0.053883	learning rate: 0.001000	epoch: 33
loss: 0.035563	learning rate: 0.001000	epoch: 34
loss: 0.033828	learning rate: 0.001000	epoch: 35
loss: 0.033009	learning rate: 0.001000	epoch: 36
loss: 0.032499	learning rate: 0.001000	epoch: 37
loss: 0.032128	learning rate: 0.001000	epoch: 38
loss: 0.031830	learning rate: 0.001000	epoch: 39
loss: 0.031704	learning rate: 0.001000	epoch: 40
При этом экс-губернатор крайне разозлился тем, что в Интернете активно распространьмим фотографии, где он выглядит, как бомж, прибывший на знаковое политическое событие в Соединенные Штаты. Так, на одном из снимков видно, что Саакашвили в непрезентабенетое одежде стоит в зале аэропорта Нью-Йорка. Создается впечатление, что утром он был сильно пьян и поэтому надел на себя первое, что попалось ему под руку. На другом снимке Саакашвили одиноко стоит в кустах с телефоном в руке в то время, когда основная публика находится на инаугурации Трампа.

loss: 0.031413	learning rate: 0.001000	epoch: 41
loss: 0.039200	learning rate: 0.001000	epoch: 42
loss: 0.035434	learning rate: 0.001000	epoch: 43
loss: 0.032198	learning rate: 0.001000	epoch: 44
loss: 0.031606	learning rate: 0.001000	epoch: 45
loss: 0.031305	learning rate: 0.001000	epoch: 46
loss: 0.031095	learning rate: 0.001000	epoch: 47
loss: 0.035692	learning rate: 0.001000	epoch: 48
loss: 0.033510	learning rate: 0.001000	epoch: 49
loss: 0.031438	learning rate: 0.001000	epoch: 50
При этом экс-губернатор крайне разозлился тем, что в Интернете активно распростратимым фотографии, где он выглядит, как бомж, прибывший на знаковое политическое событие в Соединенные Штаты. Так, на одном из снимков видно, что Саакашвили в непрезентабеноеть одежде стоит в зале аэропорта Нью-Йорка. Создается впечатление, что утром он был сильно пьян и поэтому надел на себя первое, что попалось ему под руку. На другом снимке Саакашвили одиноко стоит в кустах с телефоном в руке в то время, когда основная публика находится на инаугурации Трампа.

loss: 0.030982	learning rate: 0.001000	epoch: 51
loss: 0.030745	learning rate: 0.001000	epoch: 52
loss: 0.030602	learning rate: 0.001000	epoch: 53
loss: 0.030489	learning rate: 0.001000	epoch: 54
loss: 0.038759	learning rate: 0.001000	epoch: 55
loss: 0.031135	learning rate: 0.001000	epoch: 56
loss: 0.030695	learning rate: 0.001000	epoch: 57
loss: 0.030503	learning rate: 0.001000	epoch: 58
loss: 0.030386	learning rate: 0.001000	epoch: 59
loss: 0.030397	learning rate: 0.001000	epoch: 60
При этом экс-губернатор крайне разозлился тем, что в Интернете активно распростратиется фотографии, где он выглядит, как бомж, прибывший на знаковое политическое событие в Соединенные Штаты. Так, на одном из снимков видно, что Саакашвили в непрезентабельной одежде стоит в зале аэропорта Нью-Йорка. Создается впечатление, что утром он был сильно пьян и поэтому надел на себя первое, что попалось ему под руку. На другом снимке Саакашвили одиноко стоит в кустах с телефоном в руке в то время, когда основная публика находится на инаугурации Трампа.

loss: 0.030281	learning rate: 0.001000	epoch: 61
loss: 0.030214	learning rate: 0.001000	epoch: 62
loss: 0.030163	learning rate: 0.001000	epoch: 63
loss: 0.030119	learning rate: 0.001000	epoch: 64
loss: 0.036550	learning rate: 0.001000	epoch: 65
loss: 0.030845	learning rate: 0.001000	epoch: 66
loss: 0.030443	learning rate: 0.001000	epoch: 67
loss: 0.030274	learning rate: 0.001000	epoch: 68
loss: 0.030181	learning rate: 0.001000	epoch: 69
loss: 0.030240	learning rate: 0.001000	epoch: 70
При этом экс-губернатор крайне разозлился тем, что в Интернете активно распрострасьтеми фотографии, где он выглядит, как бомж, прибывший на знаковое политическое событие в Соединенные Штаты. Так, на одном из снимков видно, что Саакашвили в непрезентабельной одежде стоит в зале аэропорта Нью-Йорка. Создается впечатление, что утром он был сильно пьян и поэтому надел на себя первое, что попалось ему под руку. На другом снимке Саакашвили одиноко стоит в кустах с телефоном в руке в то время, когда основная публика находится на инаугурации Трампа.

loss: 0.030128	learning rate: 0.001000	epoch: 71
loss: 0.030067	learning rate: 0.001000	epoch: 72
loss: 0.034982	learning rate: 0.001000	epoch: 73
loss: 0.031441	learning rate: 0.001000	epoch: 74
loss: 0.030477	learning rate: 0.001000	epoch: 75
loss: 0.030227	learning rate: 0.001000	epoch: 76
loss: 0.030112	learning rate: 0.001000	epoch: 77
loss: 0.030043	learning rate: 0.001000	epoch: 78
loss: 0.029995	learning rate: 0.001000	epoch: 79
loss: 0.030438	learning rate: 0.001000	epoch: 80
При этом экс-губернатор крайне разозлился тем, что в Интернете активно распростратимат фотографии, где он выглядит, как бомж, прибывший на знаковое политическое событие в Соединенные Штаты. Так, на одном из снимков видно, что Саакашвили в непрезентаберывал одежде стоит в зале аэропорта Нью-Сорка. Создается впечатление, что утром он был сильно пьян и поэтому надел на себя первое, что попалось ему под руку. На другом снимке Саакашвили одиноко стоит в кустах с телефоном в руке в то время, когда основная публика находится на инаугурации Трампа.

loss: 0.030022	learning rate: 0.001000	epoch: 81
loss: 0.029948	learning rate: 0.001000	epoch: 82
loss: 0.029914	learning rate: 0.001000	epoch: 83
loss: 0.032390	learning rate: 0.001000	epoch: 84
loss: 0.030299	learning rate: 0.001000	epoch: 85
loss: 0.030003	learning rate: 0.001000	epoch: 86
loss: 0.029921	learning rate: 0.001000	epoch: 87
loss: 0.029879	learning rate: 0.001000	epoch: 88
loss: 0.029854	learning rate: 0.001000	epoch: 89
loss: 0.029939	learning rate: 0.001000	epoch: 90
При этом экс-губернатор крайне разозлился тем, что в Интернете активно распространьямая фотографии, где он выглядит, как бомж, прибывший на знаковое политическое событие в Соединенные Штаты. Так, на одном из снимков видно, что Саакашвили в непрезентабельной одежде стоит в зале аэропорта Нью-Йорка. Создается впечатление, что утром он был сильно пьян и поэтому надел на себя первое, что попалось ему под руку. На другом снимке Саакашвили одиноко стоит в кустах с телефоном в руке в то время, когда основная публика находится на инаугурации Трампа.

loss: 0.029870	learning rate: 0.001000	epoch: 91
loss: 0.029842	learning rate: 0.001000	epoch: 92
loss: 0.029826	learning rate: 0.001000	epoch: 93
loss: 0.031849	learning rate: 0.001000	epoch: 94
loss: 0.030557	learning rate: 0.001000	epoch: 95
loss: 0.029951	learning rate: 0.001000	epoch: 96
loss: 0.029863	learning rate: 0.001000	epoch: 97
loss: 0.029823	learning rate: 0.001000	epoch: 98
loss: 0.029800	learning rate: 0.001000	epoch: 99
loss: 0.029872	learning rate: 0.001000	epoch: 100
При этом экс-губернатор крайне разозлился тем, что в Интернете активно распространяются фотографии, где он выглядит, как бомж, прибывший на знаковое политическое событие в Соединенные Штаты. Так, на одном из снимков видно, что Саакашвили в непрезентабельной одежде стоит в зале аэропорта Нью-Йорка. Создается впечатление, что утром он был сильно пьян и поэтому надел на себя первое, что попалось ему под руку. На другом снимке Саакашвили одиноко стоит в кустах с телефоном в руке в то время, когда основная публика находится на инаугурации Трампа.

loss: 0.029803	learning rate: 0.001000	epoch: 101
loss: 0.030091	learning rate: 0.001000	epoch: 102
loss: 0.029801	learning rate: 0.001000	epoch: 103
loss: 0.029772	learning rate: 0.001000	epoch: 104
loss: 0.030132	learning rate: 0.001000	epoch: 105
loss: 0.029792	learning rate: 0.001000	epoch: 106
loss: 0.029764	learning rate: 0.001000	epoch: 107
loss: 0.029751	learning rate: 0.001000	epoch: 108
loss: 0.029748	learning rate: 0.001000	epoch: 109
loss: 0.029833	learning rate: 0.001000	epoch: 110
При этом экс-губернатор крайне разозлился тем, что в Интернете активно распространяются фотографии, где он выглядит, как бомж, прибывший на знаковое политическое событие в Соединенные Штаты. Так, на одном из снимков видно, что Саакашвили в непрезентабельной одежде стоит в зале аэропорта Нью-Йорка. Создается впечатление, что утром он был сильно пьян и поэтому надел на себя первое, что попалось ему под руку. На другом снимке Саакашвили одиноко стоит в кустах с телефоном в руке в то время, когда основная публика находится на инаугурации Трампа.

loss: 0.029771	learning rate: 0.001000	epoch: 111
loss: 0.029755	learning rate: 0.001000	epoch: 112
loss: 0.032874	learning rate: 0.001000	epoch: 113
loss: 0.029927	learning rate: 0.001000	epoch: 114
loss: 0.029823	learning rate: 0.001000	epoch: 115
loss: 0.029779	learning rate: 0.001000	epoch: 116
loss: 0.029756	learning rate: 0.001000	epoch: 117
loss: 0.029737	learning rate: 0.001000	epoch: 118
loss: 0.029725	learning rate: 0.001000	epoch: 119
loss: 0.029766	learning rate: 0.001000	epoch: 120
При этом экс-губернатор крайне разозлился тем, что в Интернете активно распространяются фотографии, где он выглядит, как бомж, прибывший на знаковое политическое событие в Соединенные Штаты. Так, на одном из снимков видно, что Саакашвили в непрезентабельной одежде стоит в зале аэропорта Нью-Йорка. Создается впечатление, что утром он был сильно пьян и поэтому надел на себя первое, что попалось ему под руку. На другом снимке Саакашвили одиноко стоит в кустах с телефоном в руке в то время, когда основная публика находится на инаугурации Трампа.

loss: 0.029732	learning rate: 0.001000	epoch: 121
loss: 0.029720	learning rate: 0.001000	epoch: 122
loss: 0.029714	learning rate: 0.001000	epoch: 123
loss: 0.029710	learning rate: 0.001000	epoch: 124
loss: 0.029707	learning rate: 0.001000	epoch: 125
loss: 0.030929	learning rate: 0.001000	epoch: 126
loss: 0.029862	learning rate: 0.001000	epoch: 127
loss: 0.029742	learning rate: 0.001000	epoch: 128
loss: 0.029712	learning rate: 0.001000	epoch: 129
loss: 0.029744	learning rate: 0.001000	epoch: 130
При этом экс-губернатор крайне разозлился тем, что в Интернете активно распространяются фотографии, где он выглядит, как бомж, прибывший на знаковое политическое событие в Соединенные Штаты. Так, на одном из снимков видно, что Саакашвили в непрезентабельной одежде стоит в зале аэропорта Нью-Йорка. Создается впечатление, что утром он был сильно пьян и поэтому надел на себя первое, что попалось ему под руку. На другом снимке Саакашвили одиноко стоит в кустах с телефоном в руке в то время, когда основная публика находится на инаугурации Трампа.

loss: 0.029720	learning rate: 0.001000	epoch: 131
loss: 0.029701	learning rate: 0.001000	epoch: 132
loss: 0.029694	learning rate: 0.001000	epoch: 133
loss: 0.029689	learning rate: 0.001000	epoch: 134
loss: 0.029686	learning rate: 0.001000	epoch: 135
loss: 0.029683	learning rate: 0.001000	epoch: 136
loss: 0.029681	learning rate: 0.001000	epoch: 137
loss: 0.029680	learning rate: 0.001000	epoch: 138
loss: 0.032463	learning rate: 0.001000	epoch: 139
loss: 0.029921	learning rate: 0.001000	epoch: 140
При этом экс-губернатор крайне разозлился тем, что в Интернете активно распростратиетья фотографии, где он выглядит, как бомж, прибывший на знаковое политическое событие в Соединенные Штаты. Так, на одном из снимков видно, что Саакашвили в непрезентабельной одежде стоит в зале аэропорта Нью-Йорка. Создается впечатление, что утром он был сильно пьян и поэтому надел на себя первое, что попалось ему под руку. На другом снимке Саакашвили одиноко стоит в кустах с телефоном в руке в то время, когда основная публика находится на инаугурации Трампа.

loss: 0.029824	learning rate: 0.001000	epoch: 141
loss: 0.029748	learning rate: 0.001000	epoch: 142
loss: 0.029730	learning rate: 0.001000	epoch: 143
loss: 0.029709	learning rate: 0.001000	epoch: 144
loss: 0.029695	learning rate: 0.001000	epoch: 145
loss: 0.029687	learning rate: 0.001000	epoch: 146
loss: 0.029679	learning rate: 0.001000	epoch: 147
loss: 0.029757	learning rate: 0.001000	epoch: 148
loss: 0.029702	learning rate: 0.001000	epoch: 149
loss: 0.029762	learning rate: 0.001000	epoch: 150
При этом экс-губернатор крайне разозлился тем, что в Интернете активно распространяются фотографии, где он выглядит, как бомж, прибывший на знаковое политическое событие в Соединенные Штаты. Так, на одном из снимков видно, что Саакашвили в непрезентабельной одежде стоит в зале аэропорта Нью-Йорка. Создается впечатление, что утром он был сильно пьян и поэтому надел на себя первое, что попалось ему под руку. На другом снимке Саакашвили одиноко стоит в кустах с телефоном в руке в то время, когда основная публика находится на инаугурации Трампа.

loss: 0.029722	learning rate: 0.001000	epoch: 151
loss: 0.029694	learning rate: 0.001000	epoch: 152
loss: 0.029682	learning rate: 0.001000	epoch: 153
loss: 0.029681	learning rate: 0.001000	epoch: 154
loss: 0.029676	learning rate: 0.001000	epoch: 155
loss: 0.029675	learning rate: 0.001000	epoch: 156
loss: 0.034969	learning rate: 0.001000	epoch: 157
loss: 0.030140	learning rate: 0.001000	epoch: 158
loss: 0.029897	learning rate: 0.001000	epoch: 159
loss: 0.029864	learning rate: 0.001000	epoch: 160
При этом экс-губернатор крайне разозлился тем, что в Интернете активно распространяются фотографии, где он выглядит, как бомж, прибывший на знаковое политическое событие в Соединенные Штаты. Так, на одном из снимков видно, что Саакашвили в непрезентабельной одежде стоит в зале аэропорта Нью-Йорка. Создается впечатление, что утром он был сильно пьян и поэтому надел на себя первое, что попалось ему под руку. На другом снимке Саакашвили одиноко стоит в кустах с телефоном в руке в то время, когда основная публика находится на инаугурации Трампа.

loss: 0.029784	learning rate: 0.001000	epoch: 161
loss: 0.029746	learning rate: 0.001000	epoch: 162
loss: 0.029725	learning rate: 0.001000	epoch: 163
loss: 0.029710	learning rate: 0.001000	epoch: 164
loss: 0.029697	learning rate: 0.001000	epoch: 165
loss: 0.029687	learning rate: 0.001000	epoch: 166
loss: 0.029682	learning rate: 0.001000	epoch: 167
loss: 0.029680	learning rate: 0.001000	epoch: 168
loss: 0.029679	learning rate: 0.001000	epoch: 169
loss: 0.030927	learning rate: 0.001000	epoch: 170
При этомы экс-губернатор крайна разузнесесь темa что Ш Интернете актична распромтоетихь фотографииa где он выглелитa как бомжa прибушший на знаковое политическое событие Ш Соединнину Штаты, Бакa на одном из снимков виднуa что Саакашшена Ш непревеноебтьн одежде стоити Ш зале аэророра Нью-Сорка, Создаесях впечатлениеa что утроми он юыл сильно пьяны и покбтое надел на себя первоеa что попалось Бму под рукуа, На другом снимке Саакашшена одинуко стоити Ш костах с телефоном Ш руке Ш тi времяa когда осногеи публика находистя на инаугобации Трамва,

loss: 0.030328	learning rate: 0.001000	epoch: 171
loss: 0.029800	learning rate: 0.001000	epoch: 172
loss: 0.029739	learning rate: 0.001000	epoch: 173
loss: 0.029707	learning rate: 0.001000	epoch: 174
loss: 0.029693	learning rate: 0.001000	epoch: 175
loss: 0.029683	learning rate: 0.001000	epoch: 176
loss: 0.029678	learning rate: 0.001000	epoch: 177
loss: 0.029674	learning rate: 0.001000	epoch: 178
loss: 0.029966	learning rate: 0.001000	epoch: 179
loss: 0.029797	learning rate: 0.001000	epoch: 180
При этом экс-губернатор крайне разозлился тем, что в Интернете активно распространяются фотографии, где он выглядит, как бомж, прибывший на знаковое политическое событие в Соединенные Штаты. Так, на одном из снимков видно, что Саакашвили в непрезентабельный одежде стоит в зале аэропорта Нью-Йорка. Создается впечатление, что утром он был сильно пьян и поэтому надел на себя первое, что попалось ему под руку. На другом снимке Саакашвили одиноко стоит в кустах с телефоном в руке в то время, когда основная публика находится на инаугурации Трампа.

loss: 0.029708	learning rate: 0.001000	epoch: 181
loss: 0.029687	learning rate: 0.001000	epoch: 182
loss: 0.029676	learning rate: 0.001000	epoch: 183
loss: 0.029670	learning rate: 0.001000	epoch: 184
loss: 0.029666	learning rate: 0.001000	epoch: 185
loss: 0.029665	learning rate: 0.001000	epoch: 186
loss: 0.029661	learning rate: 0.001000	epoch: 187
loss: 0.029734	learning rate: 0.001000	epoch: 188
loss: 0.029668	learning rate: 0.001000	epoch: 189
loss: 0.029761	learning rate: 0.001000	epoch: 190
При этом экс-губернатор крайне разозлился тем, что в Интернете активно распространяются фотографии, где он выглядит, как бомж, прибывший на знаковое политическое событие в Соединенные Штаты. Так, на одном из снимков видно, что Саакашвили в непрезентабельной одежде стоит в зале аэропорта Нью-Йорка. Создается впечатление, что утром он был сильно пьян и поэтому надел на себя первое, что попалось ему под руку. На другом снимке Саакашвили одиноко стоит в кустах с телефоном в руке в то время, когда основная публика находится на инаугурации Трампа.

loss: 0.029705	learning rate: 0.001000	epoch: 191
loss: 0.029677	learning rate: 0.001000	epoch: 192
loss: 0.029663	learning rate: 0.001000	epoch: 193
loss: 0.029656	learning rate: 0.001000	epoch: 194
loss: 0.029655	learning rate: 0.001000	epoch: 195
loss: 0.029656	learning rate: 0.001000	epoch: 196
loss: 0.030583	learning rate: 0.001000	epoch: 197
loss: 0.029698	learning rate: 0.001000	epoch: 198
loss: 0.029669	learning rate: 0.001000	epoch: 199
loss: 0.029709	learning rate: 0.001000	epoch: 200
При этом экс-губернатор крайне разозлился тем, что в Интернете активно распространяются фотографии, где он выглядит, как бомж, прибывший на знаковое политическое событие в Соединенные Штаты. Так, на одном из снимков видно, что Саакашвили в непрезентабельной одежде стоит в зале аэропорта Нью-Йорка. Создается впечатление, что утром он был сильно пьян и поэтому надел на себя первое, что попалось ему под руку. На другом снимке Саакашвили одиноко стоит в кустах с телефоном в руке в то время, когда основная публика находится на инаугурации Трампа.

loss: 0.029681	learning rate: 0.001000	epoch: 201
loss: 0.029675	learning rate: 0.001000	epoch: 202
loss: 0.029659	learning rate: 0.001000	epoch: 203
loss: 0.029656	learning rate: 0.001000	epoch: 204
loss: 0.029651	learning rate: 0.001000	epoch: 205
loss: 0.029651	learning rate: 0.001000	epoch: 206
loss: 0.029650	learning rate: 0.001000	epoch: 207
loss: 0.029648	learning rate: 0.001000	epoch: 208
loss: 0.029646	learning rate: 0.001000	epoch: 209
loss: 0.029734	learning rate: 0.001000	epoch: 210
При этом экс-губернатор крайне разозлился тем, что в Интернете активно распространющем фотографии, где он выглядит, как бомж, прибывший на знаковое политическое событие в Соединенные Штаты. Так, на одном из снимков видно, что Саакашвили в непрезентабельной одежде стоит в зале аэропорта Нью-Йорка. Создается впечатление, что утром он был сильно пьян и поэтому надел на себя первое, что попалось ему под руку. На другом снимке Саакашвили одиноко стоит в кустах с телефоном в руке в то время, когда основная публика находится на инаугурации Трампа.

loss: 0.030103	learning rate: 0.001000	epoch: 211
loss: 0.029709	learning rate: 0.001000	epoch: 212
loss: 0.029663	learning rate: 0.001000	epoch: 213
loss: 0.029650	learning rate: 0.001000	epoch: 214
loss: 0.029644	learning rate: 0.001000	epoch: 215
loss: 0.029641	learning rate: 0.001000	epoch: 216
loss: 0.029640	learning rate: 0.001000	epoch: 217
loss: 0.029641	learning rate: 0.001000	epoch: 218
loss: 0.029639	learning rate: 0.001000	epoch: 219
loss: 0.029699	learning rate: 0.001000	epoch: 220
При этом экс-губернатор крайне разозлился тем, что в Интернете активно распространяются фотографии, где он выглядит, как бомж, прибывший на знаковое политическое событие в Соединенные Штаты. Так, на одном из снимков видно, что Саакашвили в непрезентабельной одежде стоит в зале аэропорта Нью-Йорка. Создается впечатление, что утром он был сильно пьян и поэтому надел на себя первое, что попалось ему под руку. На другом снимке Саакашвили одиноко стоит в кустах с телефоном в руке в то время, когда основная публика находится на инаугурации Трампа.

loss: 0.029671	learning rate: 0.001000	epoch: 221
loss: 0.029649	learning rate: 0.001000	epoch: 222
loss: 0.029663	learning rate: 0.001000	epoch: 223
loss: 0.029647	learning rate: 0.001000	epoch: 224
loss: 0.029639	learning rate: 0.001000	epoch: 225
loss: 0.029640	learning rate: 0.001000	epoch: 226
loss: 0.029639	learning rate: 0.001000	epoch: 227
loss: 0.032567	learning rate: 0.001000	epoch: 228
loss: 0.030000	learning rate: 0.001000	epoch: 229
loss: 0.029813	learning rate: 0.001000	epoch: 230
При этом экс-губернатор крайне разозлился тем, что в Интернете активно распространяются фотографии, где он выглядит, как бомж, прибывший на знаковое политическое событие в Соединенные Штаты. Так, на одном из снимков видно, что Саакашвили в непрезентабельной одежде стоит в зале аэропорта Нью-Йорка. Создается впечатление, что утром он был сильно пьян и поэтому надел на себя первое, что попалось ему под руку. На другом снимке Саакашвили одиноко стоит в кустах с телефоном в руке в то время, когда основная публика находится на инаугурации Трампа.

loss: 0.029735	learning rate: 0.001000	epoch: 231
loss: 0.029700	learning rate: 0.001000	epoch: 232
loss: 0.029679	learning rate: 0.001000	epoch: 233
loss: 0.029666	learning rate: 0.001000	epoch: 234
loss: 0.029656	learning rate: 0.001000	epoch: 235
loss: 0.029650	learning rate: 0.001000	epoch: 236
loss: 0.029646	learning rate: 0.001000	epoch: 237
loss: 0.029644	learning rate: 0.001000	epoch: 238
loss: 0.029643	learning rate: 0.001000	epoch: 239
loss: 0.029681	learning rate: 0.001000	epoch: 240
При этом экс-губернатор крайне разозлился тем, что в Интернете активно распрострасьюстме фотографии, где он выглядит, как бомж, прибывший на знаковое политическое событие в Соединенные Штаты. Так, на одном из снимков видно, что Саакашвили в непрезентабельной одежде стоит в зале аэропорта Нью-Йорка. Создается впечатление, что утром он был сильно пьян и поэтому надел на себя первое, что попалось ему под руку. На другом снимке Саакашвили одиноко стоит в кустах с телефоном в руке в то время, когда основная публика находится на инаугурации Трампа.

loss: 0.029673	learning rate: 0.001000	epoch: 241
loss: 0.029651	learning rate: 0.001000	epoch: 242
loss: 0.029659	learning rate: 0.001000	epoch: 243
loss: 0.029649	learning rate: 0.001000	epoch: 244
loss: 0.031286	learning rate: 0.001000	epoch: 245
loss: 0.029855	learning rate: 0.001000	epoch: 246
loss: 0.029717	learning rate: 0.001000	epoch: 247
loss: 0.029678	learning rate: 0.001000	epoch: 248
loss: 0.029658	learning rate: 0.001000	epoch: 249
loss: 0.029697	learning rate: 0.001000	epoch: 250
При этом экс-губернатор крайне разозлился тем, что в Интернете активно распространяются фотографии, где он выглядит, как бомж, прибывший на знаковое политическое событие в Соединенные Штаты. Так, на одном из снимков видно, что Саакашвили в непрезентабельной одежде стоит в зале аэропорта Нью-Йорка. Создается впечатление, что утром он был сильно пьян и поэтому надел на себя первое, что попалось ему под руку. На другом снимке Саакашвили одиноко стоит в кустах с телефоном в руке в то время, когда основная публика находится на инаугурации Трампа.

loss: 0.029665	learning rate: 0.001000	epoch: 251
loss: 0.029657	learning rate: 0.001000	epoch: 252
loss: 0.029644	learning rate: 0.001000	epoch: 253
loss: 0.029638	learning rate: 0.001000	epoch: 254
loss: 0.029636	learning rate: 0.001000	epoch: 255
loss: 0.029636	learning rate: 0.001000	epoch: 256
loss: 0.029634	learning rate: 0.001000	epoch: 257
loss: 0.029635	learning rate: 0.001000	epoch: 258
loss: 0.029633	learning rate: 0.001000	epoch: 259
loss: 0.029696	learning rate: 0.001000	epoch: 260
При этом экс-губернатор крайне разозлился тем, что в Интернете активно распространяются фотографии, где он выглядит, как бомж, прибывший на знаковое политическое событие в Соединенные Штаты. Так, на одном из снимков видно, что Саакашвили в непрезентабельной одежде стоит в зале аэропорта Нью-Йорка. Создается впечатление, что утром он был сильно пьян и поэтому надел на себя первое, что попалось ему под руку. На другом снимке Саакашвили одиноко стоит в кустах с телефоном в руке в то время, когда основная публика находится на инаугурации Трампа.

loss: 0.029650	learning rate: 0.001000	epoch: 261
loss: 0.029640	learning rate: 0.001000	epoch: 262
loss: 0.029632	learning rate: 0.001000	epoch: 263
loss: 0.029629	learning rate: 0.001000	epoch: 264
loss: 0.029628	learning rate: 0.001000	epoch: 265
loss: 0.031126	learning rate: 0.001000	epoch: 266
loss: 0.029838	learning rate: 0.001000	epoch: 267
loss: 0.029697	learning rate: 0.001000	epoch: 268
loss: 0.029662	learning rate: 0.001000	epoch: 269
loss: 0.029688	learning rate: 0.001000	epoch: 270
При этом экс-губернатор крайне разозлился тем, что в Интернете активно распространяются фотографии, где он выглядит, как бомж, прибывший на знаковое политическое событие в Соединенные Штаты. Так, на одном из снимков видно, что Саакашвили в непрезентабельной одежде стоит в зале аэропорта Нью-Йорка. Создается впечатление, что утром он был сильно пьян и поэтому надел на себя первое, что попалось ему под руку. На другом снимке Саакашвили одиноко стоит в кустах с телефоном в руке в то время, когда основная публика находится на инаугурации Трампа.

loss: 0.029655	learning rate: 0.001000	epoch: 271
loss: 0.029644	learning rate: 0.001000	epoch: 272
loss: 0.029636	learning rate: 0.001000	epoch: 273
loss: 0.029634	learning rate: 0.001000	epoch: 274
loss: 0.029631	learning rate: 0.001000	epoch: 275
loss: 0.029629	learning rate: 0.001000	epoch: 276
loss: 0.029631	learning rate: 0.001000	epoch: 277
loss: 0.029626	learning rate: 0.001000	epoch: 278
loss: 0.029624	learning rate: 0.001000	epoch: 279
loss: 0.029686	learning rate: 0.001000	epoch: 280
При этом экс-губернатор крайне разозлился тем, что в Интернете активно распространяются фотографии, где он выглядит, как бомж, прибывший на знаковое политическое событие в Соединенные Штаты. Так, на одном из снимков видно, что Саакашвили в непрезентабельной одежде стоит в зале аэропорта Нью-Йорка. Создается впечатление, что утром он был сильно пьян и поэтому надел на себя первое, что попалось ему под руку. На другом снимке Саакашвили одиноко стоит в кустах с телефоном в руке в то время, когда основная публика находится на инаугурации Трампа.

loss: 0.029680	learning rate: 0.001000	epoch: 281
loss: 0.029635	learning rate: 0.001000	epoch: 282
loss: 0.029628	learning rate: 0.001000	epoch: 283
loss: 0.029628	learning rate: 0.001000	epoch: 284
loss: 0.029629	learning rate: 0.001000	epoch: 285
loss: 0.029628	learning rate: 0.001000	epoch: 286
loss: 0.029672	learning rate: 0.001000	epoch: 287
loss: 0.029643	learning rate: 0.001000	epoch: 288
loss: 0.029623	learning rate: 0.001000	epoch: 289
loss: 0.029669	learning rate: 0.001000	epoch: 290
При этом экс-губернатор крайне разозлился тем, что в Интернете активно распространяются фотографии, где он выглядит, как бомж, прибывший на знаковое политическое событие в Соединенные Штаты. Так, на одном из снимков видно, что Саакашвили в непрезентабельной одежде стоит в зале аэропорта Нью-Йорка. Создается впечатление, что утром он был сильно пьян и поэтому надел на себя первое, что попалось ему под руку. На другом снимке Саакашвили одиноко стоит в кустах с телефоном в руке в то время, когда основная публика находится на инаугурации Трампа.

loss: 0.029668	learning rate: 0.001000	epoch: 291
loss: 0.029768	learning rate: 0.001000	epoch: 292
loss: 0.029664	learning rate: 0.001000	epoch: 293
loss: 0.029637	learning rate: 0.001000	epoch: 294
loss: 0.029630	learning rate: 0.001000	epoch: 295
loss: 0.029628	learning rate: 0.001000	epoch: 296
loss: 0.029626	learning rate: 0.001000	epoch: 297
loss: 0.029627	learning rate: 0.001000	epoch: 298
loss: 0.029629	learning rate: 0.001000	epoch: 299
loss: 0.029700	learning rate: 0.001000	epoch: 300
При этом экс-губернатор крайне разозлился тем, что в Интернете активно распространяются фотографии, где он выглядит, как бомж, прибывший на знаковое политическое событие в Соединенные Штаты. Так, на одном из снимков видно, что Саакашвили в непрезентабельной одежде стоит в зале аэропорта Нью-Йорка. Создается впечатление, что утром он был сильно пьян и поэтому надел на себя первое, что попалось ему под руку. На другом снимке Саакашвили одиноко стоит в кустах с телефоном в руке в то время, когда основная публика находится на инаугурации Трампа.

loss: 0.029647	learning rate: 0.001000	epoch: 301
loss: 0.029634	learning rate: 0.001000	epoch: 302
loss: 0.029629	learning rate: 0.001000	epoch: 303
loss: 0.029625	learning rate: 0.001000	epoch: 304
loss: 0.029624	learning rate: 0.001000	epoch: 305
loss: 0.029626	learning rate: 0.001000	epoch: 306
loss: 0.029623	learning rate: 0.001000	epoch: 307
loss: 0.029621	learning rate: 0.001000	epoch: 308
loss: 0.029777	learning rate: 0.001000	epoch: 309
loss: 0.029693	learning rate: 0.001000	epoch: 310
При этом экс-губернатор крайне разозлился тем, что в Интернете активно распространяются фотографии, где он выглядит, как бомж, прибывший на знаковое политическое событие в Соединенные Штаты. Так, на одном из снимков видно, что Саакашвили в непрезентабельной одежде стоит в зале аэропорта Нью-Йорка. Создается впечатление, что утром он был сильно пьян и поэтому надел на себя первое, что попалось ему под руку. На другом снимке Саакашвили одиноко стоит в кустах с телефоном в руке в то время, когда основная публика находится на инаугурации Трампа.

loss: 0.029661	learning rate: 0.001000	epoch: 311
loss: 0.029655	learning rate: 0.001000	epoch: 312
loss: 0.029631	learning rate: 0.001000	epoch: 313
loss: 0.029621	learning rate: 0.001000	epoch: 314
loss: 0.029621	learning rate: 0.001000	epoch: 315
loss: 0.029621	learning rate: 0.001000	epoch: 316
loss: 0.029619	learning rate: 0.001000	epoch: 317
loss: 0.029621	learning rate: 0.001000	epoch: 318
loss: 0.029624	learning rate: 0.001000	epoch: 319
loss: 0.030406	learning rate: 0.001000	epoch: 320
При этом экс-губернатор крайне разозлился тем, что в Интернете активно распространяются фотографии, где он выглядит, как бомж, прибывший на знаковое политическое событие в Соединенные Штаты. Так, на одном из снимков видно, что Саакашвили в непрезентабельной одежде стоит в зале аэропорта Нью-Йорка. Создается впечатление, что утром он был сильно пьян и поэтому надел на себя первое, что попалось ему под руку. На другом снимке Саакашвили одиноко стоит в кустах с телефоном в руке в то время, когда основная публика находится на инаугурации Трампа.

loss: 0.029712	learning rate: 0.001000	epoch: 321
loss: 0.029655	learning rate: 0.001000	epoch: 322
loss: 0.029639	learning rate: 0.001000	epoch: 323
loss: 0.029628	learning rate: 0.001000	epoch: 324
loss: 0.029623	learning rate: 0.001000	epoch: 325
loss: 0.029619	learning rate: 0.001000	epoch: 326
loss: 0.029618	learning rate: 0.001000	epoch: 327
loss: 0.029618	learning rate: 0.001000	epoch: 328
loss: 0.029617	learning rate: 0.001000	epoch: 329
loss: 0.029664	learning rate: 0.001000	epoch: 330
При этом экс-губернатор крайне разозлился тем, что в Интернете активно распространяются фотографии, где он выглядит, как бомж, прибывший на знаковое политическое событие в Соединенные Штаты. Так, на одном из снимков видно, что Саакашвили в непрезентабельной одежде стоит в зале аэропорта Нью-Йорка. Создается впечатление, что утром он был сильно пьян и поэтому надел на себя первое, что попалось ему под руку. На другом снимке Саакашвили одиноко стоит в кустах с телефоном в руке в то время, когда основная публика находится на инаугурации Трампа.

loss: 0.029633	learning rate: 0.001000	epoch: 331
loss: 0.029626	learning rate: 0.001000	epoch: 332
loss: 0.029619	learning rate: 0.001000	epoch: 333
loss: 0.029628	learning rate: 0.001000	epoch: 334
loss: 0.029620	learning rate: 0.001000	epoch: 335
loss: 0.029617	learning rate: 0.001000	epoch: 336
loss: 0.029614	learning rate: 0.001000	epoch: 337
loss: 0.029616	learning rate: 0.001000	epoch: 338
loss: 0.029621	learning rate: 0.001000	epoch: 339
loss: 0.029663	learning rate: 0.001000	epoch: 340
При этом экс-губернатор крайне разозлился тем, что в Интернете активно распространяются фотографии, где он выглядит, как бомж, прибывший на знаковое политическое событие в Соединенные Штаты. Так, на одном из снимков видно, что Саакашвили в непрезентабельной одежде стоит в зале аэропорта Нью-Йорка. Создается впечатление, что утром он был сильно пьян и поэтому надел на себя первое, что попалось ему под руку. На другом снимке Саакашвили одиноко стоит в кустах с телефоном в руке в то время, когда основная публика находится на инаугурации Трампа.

loss: 0.029670	learning rate: 0.001000	epoch: 341
loss: 0.029636	learning rate: 0.001000	epoch: 342
loss: 0.029622	learning rate: 0.001000	epoch: 343
loss: 0.029618	learning rate: 0.001000	epoch: 344
loss: 0.029617	learning rate: 0.001000	epoch: 345
loss: 0.030009	learning rate: 0.001000	epoch: 346
loss: 0.029665	learning rate: 0.001000	epoch: 347
loss: 0.029628	learning rate: 0.001000	epoch: 348
loss: 0.029617	learning rate: 0.001000	epoch: 349
loss: 0.029653	learning rate: 0.001000	epoch: 350
При этом экс-губернатор крайне разозлился тем, что в Интернете активно распространяются фотографии, где он выглядит, как бомж, прибывший на знаковое политическое событие в Соединенные Штаты. Так, на одном из снимков видно, что Саакашвили в непрезентабельной одежде стоит в зале аэропорта Нью-Йорка. Создается впечатление, что утром он был сильно пьян и поэтому надел на себя первое, что попалось ему под руку. На другом снимке Саакашвили одиноко стоит в кустах с телефоном в руке в то время, когда основная публика находится на инаугурации Трампа.

loss: 0.029626	learning rate: 0.001000	epoch: 351
loss: 0.029616	learning rate: 0.001000	epoch: 352
loss: 0.029614	learning rate: 0.001000	epoch: 353
loss: 0.029614	learning rate: 0.001000	epoch: 354
loss: 0.029615	learning rate: 0.001000	epoch: 355
loss: 0.029616	learning rate: 0.001000	epoch: 356
loss: 0.029615	learning rate: 0.001000	epoch: 357
loss: 0.029615	learning rate: 0.001000	epoch: 358
loss: 0.029613	learning rate: 0.001000	epoch: 359
loss: 0.029669	learning rate: 0.001000	epoch: 360
При этом экс-губернатор крайне разозлился тем, что в Интернете активно распространяются фотографии, где он выглядит, как бомж, прибывший на знаковое политическое событие в Соединенные Штаты. Так, на одном из снимков видно, что Саакашвили в непрезентабельной одежде стоит в зале аэропорта Нью-Йорка. Создается впечатление, что утром он был сильно пьян и поэтому надел на себя первое, что попалось ему под руку. На другом снимке Саакашвили одиноко стоит в кустах с телефоном в руке в то время, когда основная публика находится на инаугурации Трампа.

loss: 0.029633	learning rate: 0.001000	epoch: 361
loss: 0.029619	learning rate: 0.001000	epoch: 362
loss: 0.029615	learning rate: 0.001000	epoch: 363
loss: 0.029616	learning rate: 0.001000	epoch: 364
loss: 0.029616	learning rate: 0.001000	epoch: 365
loss: 0.029619	learning rate: 0.001000	epoch: 366
loss: 0.029619	learning rate: 0.001000	epoch: 367
loss: 0.029614	learning rate: 0.001000	epoch: 368
loss: 0.029615	learning rate: 0.001000	epoch: 369
loss: 0.029710	learning rate: 0.001000	epoch: 370
При этом экс-губернатор крайне разозлился тем, что в Интернете активно распространяются фотографии, где он выглядит, как бомж, прибывший на знаковое политическое событие в Соединенные Штаты. Так, на одном из снимков видно, что Саакашвили в непрезентабельной одежде стоит в зале аэропорта Нью-Йорка. Создается впечатление, что утром он был сильно пьян и поэтому надел на себя первое, что попалось ему под руку. На другом снимке Саакашвили одиноко стоит в кустах с телефоном в руке в то время, когда основная публика находится на инаугурации Трампа.

loss: 0.029628	learning rate: 0.001000	epoch: 371
loss: 0.029613	learning rate: 0.001000	epoch: 372
loss: 0.029611	learning rate: 0.001000	epoch: 373
loss: 0.029610	learning rate: 0.001000	epoch: 374
loss: 0.029610	learning rate: 0.001000	epoch: 375
loss: 0.029612	learning rate: 0.001000	epoch: 376
loss: 0.029612	learning rate: 0.001000	epoch: 377
loss: 0.029613	learning rate: 0.001000	epoch: 378
loss: 0.029612	learning rate: 0.001000	epoch: 379
loss: 0.029656	learning rate: 0.001000	epoch: 380
При этом экс-губернатор крайне разозлился тем, что в Интернете активно распространяются фотографии, где он выглядит, как бомж, прибывший на знаковое политическое событие в Соединенные Штаты. Так, на одном из снимков видно, что Саакашвили в непрезентабельной одежде стоит в зале аэропорта Нью-Йорка. Создается впечатление, что утром он был сильно пьян и поэтому надел на себя первое, что попалось ему под руку. На другом снимке Саакашвили одиноко стоит в кустах с телефоном в руке в то время, когда основная публика находится на инаугурации Трампа.

loss: 0.029953	learning rate: 0.001000	epoch: 381
loss: 0.029639	learning rate: 0.001000	epoch: 382
loss: 0.029620	learning rate: 0.001000	epoch: 383
loss: 0.029613	learning rate: 0.001000	epoch: 384
loss: 0.029610	learning rate: 0.001000	epoch: 385
loss: 0.029608	learning rate: 0.001000	epoch: 386
loss: 0.029608	learning rate: 0.001000	epoch: 387
loss: 0.029608	learning rate: 0.001000	epoch: 388
loss: 0.029608	learning rate: 0.001000	epoch: 389
loss: 0.029656	learning rate: 0.001000	epoch: 390
При этом экс-губернатор крайне разозлился тем, что в Интернете активно распространяются фотографии, где он выглядит, как бомж, прибывший на знаковое политическое событие в Соединенные Штаты. Так, на одном из снимков видно, что Саакашвили в непрезентабельной одежде стоит в зале аэропорта Нью-Йорка. Создается впечатление, что утром он был сильно пьян и поэтому надел на себя первое, что попалось ему под руку. На другом снимке Саакашвили одиноко стоит в кустах с телефоном в руке в то время, когда основная публика находится на инаугурации Трампа.

loss: 0.029637	learning rate: 0.001000	epoch: 391
loss: 0.029624	learning rate: 0.001000	epoch: 392
loss: 0.029615	learning rate: 0.001000	epoch: 393
loss: 0.029612	learning rate: 0.001000	epoch: 394
loss: 0.029610	learning rate: 0.001000	epoch: 395
loss: 0.029611	learning rate: 0.001000	epoch: 396
loss: 0.029614	learning rate: 0.001000	epoch: 397
loss: 0.029615	learning rate: 0.001000	epoch: 398
loss: 0.029612	learning rate: 0.001000	epoch: 399
loss: 0.029801	learning rate: 0.001000	epoch: 400
При этом экс-губернатор крайне разозлился тем, что в Интернете активно распространяются фотографии, где он выглядит, как бомж, прибывший на знаковое политическое событие в Соединенные Штаты. Так, на одном из снимков видно, что Саакашвили в непрезентабельной одежде стоит в зале аэропорта Нью-Йорка. Создается впечатление, что утром он был сильно пьян и поэтому надел на себя первое, что попалось ему под руку. На другом снимке Саакашвили одиноко стоит в кустах с телефоном в руке в то время, когда основная публика находится на инаугурации Трампа.

loss: 0.029630	learning rate: 0.001000	epoch: 401
loss: 0.029615	learning rate: 0.001000	epoch: 402
loss: 0.029610	learning rate: 0.001000	epoch: 403
loss: 0.029608	learning rate: 0.001000	epoch: 404
loss: 0.029607	learning rate: 0.001000	epoch: 405
loss: 0.029614	learning rate: 0.001000	epoch: 406
loss: 0.029611	learning rate: 0.001000	epoch: 407
loss: 0.029608	learning rate: 0.001000	epoch: 408
loss: 0.029609	learning rate: 0.001000	epoch: 409
loss: 0.029656	learning rate: 0.001000	epoch: 410
При этом экс-губернатор крайне разозлился тем, что в Интернете активно распространяются фотографии, где он выглядит, как бомж, прибывший на знаковое политическое событие в Соединенные Штаты. Так, на одном из снимков видно, что Саакашвили в непрезентабетонe одежде стоит в зале аэропорта Нью-Йорка. Создается впечатление, что утром он был сильно пьян и поэтому надел на себя первое, что попалось ему под руку. На другом снимке Саакашвили одиноко стоит в кустах с телефоном в руке в то время, когда основная публика находится на инаугурации Трампа.

loss: 0.029659	learning rate: 0.001000	epoch: 411
loss: 0.029623	learning rate: 0.001000	epoch: 412
loss: 0.029612	learning rate: 0.001000	epoch: 413
loss: 0.029611	learning rate: 0.001000	epoch: 414
loss: 0.029612	learning rate: 0.001000	epoch: 415
loss: 0.029611	learning rate: 0.001000	epoch: 416
loss: 0.029609	learning rate: 0.001000	epoch: 417
loss: 0.029612	learning rate: 0.001000	epoch: 418
loss: 0.029612	learning rate: 0.001000	epoch: 419
loss: 0.029708	learning rate: 0.001000	epoch: 420
При этом экс-губернатор крайне разозлился тем, что в Интернете активно распространяются фотографии, где он выглядит, как бомж, прибывший на знаковое политическое событие в Соединенные Штаты. Так, на одном из снимков видно, что Саакашвили в непрезентабельной одежде стоит в зале аэропорта Нью-Йорка. Создается впечатление, что утром он был сильно пьян и поэтому надел на себя первое, что попалось ему под руку. На другом снимке Саакашвили одиноко стоит в кустах с телефоном в руке в то время, когда основная публика находится на инаугурации Трампа.

loss: 0.029632	learning rate: 0.001000	epoch: 421
loss: 0.029613	learning rate: 0.001000	epoch: 422
loss: 0.029609	learning rate: 0.001000	epoch: 423
loss: 0.029609	learning rate: 0.001000	epoch: 424
loss: 0.029609	learning rate: 0.001000	epoch: 425
loss: 0.029611	learning rate: 0.001000	epoch: 426
loss: 0.029618	learning rate: 0.001000	epoch: 427
loss: 0.029612	learning rate: 0.001000	epoch: 428
loss: 0.029608	learning rate: 0.001000	epoch: 429
loss: 0.029758	learning rate: 0.001000	epoch: 430
При этом экс-губернатор крайне разозлился тем, что в Интернете активно распространяются фотографии, где он выглядит, как бомж, прибывший на знаковое политическое событие в Соединенные Штаты. Так, на одном из снимков видно, что Саакашвили в непрезентабельной одежде стоит в зале аэропорта Нью-Йорка. Создается впечатление, что утром он был сильно пьян и поэтому надел на себя первое, что попалось ему под руку. На другом снимке Саакашвили одиноко стоит в кустах с телефоном в руке в то время, когда основная публика находится на инаугурации Трампа.

loss: 0.029637	learning rate: 0.001000	epoch: 431
loss: 0.029621	learning rate: 0.001000	epoch: 432
loss: 0.029611	learning rate: 0.001000	epoch: 433
loss: 0.029607	learning rate: 0.001000	epoch: 434
loss: 0.029605	learning rate: 0.001000	epoch: 435
loss: 0.029605	learning rate: 0.001000	epoch: 436
loss: 0.029606	learning rate: 0.001000	epoch: 437
loss: 0.029608	learning rate: 0.001000	epoch: 438
loss: 0.029607	learning rate: 0.001000	epoch: 439
loss: 0.029725	learning rate: 0.001000	epoch: 440
При этом экс-губернатор крайне разозлился тем, что в Интернете активно распространяются фотографии, где он выглядит, как бомж, прибывший на знаковое политическое событие в Соединенные Штаты. Так, на одном из снимков видно, что Саакашвили в непрезентабельной одежде стоит в зале аэропорта Нью-Йорка. Создается впечатление, что утром он был сильно пьян и поэтому надел на себя первое, что попалось ему под руку. На другом снимке Саакашвили одиноко стоит в кустах с телефоном в руке в то время, когда основная публика находится на инаугурации Трампа.

loss: 0.029626	learning rate: 0.001000	epoch: 441
loss: 0.029611	learning rate: 0.001000	epoch: 442
loss: 0.029607	learning rate: 0.001000	epoch: 443
loss: 0.029606	learning rate: 0.001000	epoch: 444
loss: 0.029605	learning rate: 0.001000	epoch: 445
loss: 0.029606	learning rate: 0.001000	epoch: 446
loss: 0.029606	learning rate: 0.001000	epoch: 447
loss: 0.029608	learning rate: 0.001000	epoch: 448
loss: 0.029608	learning rate: 0.001000	epoch: 449
loss: 0.029642	learning rate: 0.001000	epoch: 450
При этом экс-губернатор крайне разозлился тем, что в Интернете активно распространяются фотографии, где он выглядит, как бомж, прибывший на знаковое политическое событие в Соединенные Штаты. Так, на одном из снимков видно, что Саакашвили в непрезентабельной одежде стоит в зале аэропорта Нью-Йорка. Создается впечатление, что утром он был сильно пьян и поэтому надел на себя первое, что попалось ему под руку. На другом снимке Саакашвили одиноко стоит в кустах с телефоном в руке в то время, когда основная публика находится на инаугурации Трампа.

loss: 0.029622	learning rate: 0.001000	epoch: 451
loss: 0.029612	learning rate: 0.001000	epoch: 452
loss: 0.029608	learning rate: 0.001000	epoch: 453
loss: 0.029608	learning rate: 0.001000	epoch: 454
loss: 0.029609	learning rate: 0.001000	epoch: 455
loss: 0.029609	learning rate: 0.001000	epoch: 456
loss: 0.029607	learning rate: 0.001000	epoch: 457
loss: 0.029605	learning rate: 0.001000	epoch: 458
loss: 0.029608	learning rate: 0.001000	epoch: 459
loss: 0.029656	learning rate: 0.001000	epoch: 460
При этом экс-губернатор крайне разозлился тем, что в Интернете активно распространющемь фотографии, где он выглядит, как бомж, прибывший на знаковое политическое событие в Соединенные Штаты. Так, на одном из снимков видно, что Саакашвили в непрезентабельной одежде стоит в зале аэропорта Нью-Йорка. Создается впечатление, что утром он был сильно пьян и поэтому надел на себя первое, что попалось ему под руку. На другом снимке Саакашвили одиноко стоит в кустах с телефоном в руке в то время, когда основная публика находится на инаугурации Трампа.

loss: 0.029616	learning rate: 0.001000	epoch: 461
loss: 0.029607	learning rate: 0.001000	epoch: 462
loss: 0.029606	learning rate: 0.001000	epoch: 463
loss: 0.029606	learning rate: 0.001000	epoch: 464
loss: 0.029607	learning rate: 0.001000	epoch: 465
loss: 0.029798	learning rate: 0.001000	epoch: 466
loss: 0.029646	learning rate: 0.001000	epoch: 467
loss: 0.029613	learning rate: 0.001000	epoch: 468
loss: 0.029605	learning rate: 0.001000	epoch: 469
loss: 0.029637	learning rate: 0.001000	epoch: 470
При этом экс-губернатор крайне разозлился тем, что в Интернете активно распространяются фотографии, где он выглядит, как бомж, прибывший на знаковое политическое событие в Соединенные Штаты. Так, на одном из снимков видно, что Саакашвили в непрезентабельной одежде стоит в зале аэропорта Нью-Йорка. Создается впечатление, что утром он был сильно пьян и поэтому надел на себя первое, что попалось ему под руку. На другом снимке Саакашвили одиноко стоит в кустах с телефоном в руке в то время, когда основная публика находится на инаугурации Трампа.

loss: 0.029625	learning rate: 0.001000	epoch: 471
loss: 0.029611	learning rate: 0.001000	epoch: 472
loss: 0.029606	learning rate: 0.001000	epoch: 473
loss: 0.029605	learning rate: 0.001000	epoch: 474
loss: 0.029603	learning rate: 0.001000	epoch: 475
loss: 0.029603	learning rate: 0.001000	epoch: 476
loss: 0.029604	learning rate: 0.001000	epoch: 477
loss: 0.029613	learning rate: 0.001000	epoch: 478
loss: 0.029609	learning rate: 0.001000	epoch: 479
loss: 0.029783	learning rate: 0.001000	epoch: 480
При этом экс-губернатор крайне разозлился тем, что в Интернете активно распространяются фотографии, где он выглядит, как бомж, прибывший на знаковое политическое событие в Соединенные Штаты. Так, на одном из снимков видно, что Саакашвили в непрезентабельной одежде стоит в зале аэропорта Нью-Йорка. Создается впечатление, что утром он был сильно пьян и поэтому надел на себя первое, что попалось ему под руку. На другом снимке Саакашвили одиноко стоит в кустах с телефоном в руке в то время, когда основная публика находится на инаугурации Трампа.

loss: 0.029624	learning rate: 0.001000	epoch: 481
loss: 0.029616	learning rate: 0.001000	epoch: 482
loss: 0.029610	learning rate: 0.001000	epoch: 483
loss: 0.029605	learning rate: 0.001000	epoch: 484
loss: 0.029604	learning rate: 0.001000	epoch: 485
loss: 0.029603	learning rate: 0.001000	epoch: 486
loss: 0.029603	learning rate: 0.001000	epoch: 487
loss: 0.029607	learning rate: 0.001000	epoch: 488
loss: 0.029604	learning rate: 0.001000	epoch: 489
loss: 0.029654	learning rate: 0.001000	epoch: 490
При этом экс-губернатор крайне разозлился тем, что в Интернете активно распространяются фотографии, где он выглядит, как бомж, прибывший на знаковое политическое событие в Соединенные Штаты. Так, на одном из снимков видно, что Саакашвили в непрезентабельной одежде стоит в зале аэропорта Нью-Йорка. Создается впечатление, что утром он был сильно пьян и поэтому надел на себя первое, что попалось ему под руку. На другом снимке Саакашвили одиноко стоит в кустах с телефоном в руке в то время, когда основная публика находится на инаугурации Трампа.

loss: 0.029622	learning rate: 0.001000	epoch: 491
loss: 0.029610	learning rate: 0.001000	epoch: 492
loss: 0.029605	learning rate: 0.001000	epoch: 493
loss: 0.029603	learning rate: 0.001000	epoch: 494
loss: 0.029603	learning rate: 0.001000	epoch: 495
loss: 0.029606	learning rate: 0.001000	epoch: 496
loss: 0.029612	learning rate: 0.001000	epoch: 497
loss: 0.029623	learning rate: 0.001000	epoch: 498
loss: 0.029606	learning rate: 0.001000	epoch: 499
loss: 0.029644	learning rate: 0.001000	epoch: 500
При этом экс-губернатор крайне разозлился тем, что в Интернете активно распространяются фотографии, где он выглядит, как бомж, прибывший на знаковое политическое событие в Соединенные Штаты. Так, на одном из снимков видно, что Саакашвили в непрезентабельной одежде стоит в зале аэропорта Нью-Йорка. Создается впечатление, что утром он был сильно пьян и поэтому надел на себя первое, что попалось ему под руку. На другом снимке Саакашвили одиноко стоит в кустах с телефоном в руке в то время, когда основная публика находится на инаугурации Трампа.

loss: 0.029621	learning rate: 0.001000	epoch: 501
loss: 0.029610	learning rate: 0.001000	epoch: 502
loss: 0.029606	learning rate: 0.001000	epoch: 503
loss: 0.029606	learning rate: 0.001000	epoch: 504
loss: 0.029606	learning rate: 0.001000	epoch: 505
loss: 0.029605	learning rate: 0.001000	epoch: 506
loss: 0.029607	learning rate: 0.001000	epoch: 507
loss: 0.029606	learning rate: 0.001000	epoch: 508
loss: 0.029609	learning rate: 0.001000	epoch: 509
loss: 0.029641	learning rate: 0.001000	epoch: 510
При этом экс-губернатор крайне разозлился тем, что в Интернете активно распространяются фотографии, где он выглядит, как бомж, прибывший на знаковое политическое событие в Соединенные Штаты. Так, на одном из снимков видно, что Саакашвили в непрезентабельной одежде стоит в зале аэропорта Нью-Йорка. Создается впечатление, что утром он был сильно пьян и поэтому надел на себя первое, что попалось ему под руку. На другом снимке Саакашвили одиноко стоит в кустах с телефоном в руке в то время, когда основная публика находится на инаугурации Трампа.

loss: 0.029618	learning rate: 0.001000	epoch: 511
loss: 0.029611	learning rate: 0.001000	epoch: 512
loss: 0.029608	learning rate: 0.001000	epoch: 513
loss: 0.029610	learning rate: 0.001000	epoch: 514
loss: 0.029610	learning rate: 0.001000	epoch: 515
loss: 0.029604	learning rate: 0.001000	epoch: 516
loss: 0.029605	learning rate: 0.001000	epoch: 517
loss: 0.029605	learning rate: 0.001000	epoch: 518
loss: 0.029608	learning rate: 0.001000	epoch: 519
loss: 0.029942	learning rate: 0.001000	epoch: 520
При этом экс-губернатор крайне разозлился тем, что в Интернете активно распространяются фотографии, где он выглядит, как бомж, прибывший на знаковое политическое событие в Соединенные Штаты. Так, на одном из снимков видно, что Саакашвили в непрезентабельной одежде стоит в зале аэропорта Нью-Йорка. Создается впечатление, что утром он был сильно пьян и поэтому надел на себя первое, что попалось ему под руку. На другом снимке Саакашвили одиноко стоит в кустах с телефоном в руке в то время, когда основная публика находится на инаугурации Трампа.

loss: 0.029639	learning rate: 0.001000	epoch: 521
loss: 0.029616	learning rate: 0.001000	epoch: 522
loss: 0.029611	learning rate: 0.001000	epoch: 523
loss: 0.029605	learning rate: 0.001000	epoch: 524
loss: 0.029602	learning rate: 0.001000	epoch: 525
loss: 0.029601	learning rate: 0.001000	epoch: 526
loss: 0.029602	learning rate: 0.001000	epoch: 527
loss: 0.029601	learning rate: 0.001000	epoch: 528
loss: 0.029601	learning rate: 0.001000	epoch: 529
loss: 0.029636	learning rate: 0.001000	epoch: 530
При этом экс-губернатор крайне разозлился тем, что в Интернете активно распространяются фотографии, где он выглядит, как бомж, прибывший на знаковое политическое событие в Соединенные Штаты. Так, на одном из снимков видно, что Саакашвили в непрезентабельной одежде стоит в зале аэропорта Нью-Йорка. Создается впечатление, что утром он был сильно пьян и поэтому надел на себя первое, что попалось ему под руку. На другом снимке Саакашвили одиноко стоит в кустах с телефоном в руке в то время, когда основная публика находится на инаугурации Трампа.

loss: 0.029620	learning rate: 0.001000	epoch: 531
loss: 0.029609	learning rate: 0.001000	epoch: 532
loss: 0.029606	learning rate: 0.001000	epoch: 533
loss: 0.029605	learning rate: 0.001000	epoch: 534
loss: 0.029604	learning rate: 0.001000	epoch: 535
loss: 0.029604	learning rate: 0.001000	epoch: 536
loss: 0.029603	learning rate: 0.001000	epoch: 537
loss: 0.029606	learning rate: 0.001000	epoch: 538
loss: 0.029606	learning rate: 0.001000	epoch: 539
loss: 0.029751	learning rate: 0.001000	epoch: 540
При этом экс-губернатор крайне разозлился тем, что в Интернете активно распространяются фотографии, где он выглядит, как бомж, прибывший на знаковое политическое событие в Соединенные Штаты. Так, на одном из снимков видно, что Саакашвили в непрезентабельной одежде стоит в зале аэропорта Нью-Йорка. Создается впечатление, что утром он был сильно пьян и поэтому надел на себя первое, что попалось ему под руку. На другом снимке Саакашвили одиноко стоит в кустах с телефоном в руке в то время, когда основная публика находится на инаугурации Трампа.

loss: 0.029619	learning rate: 0.001000	epoch: 541
loss: 0.029605	learning rate: 0.001000	epoch: 542
loss: 0.029602	learning rate: 0.001000	epoch: 543
loss: 0.029601	learning rate: 0.001000	epoch: 544
loss: 0.029601	learning rate: 0.001000	epoch: 545
loss: 0.029606	learning rate: 0.001000	epoch: 546
loss: 0.029604	learning rate: 0.001000	epoch: 547
loss: 0.029603	learning rate: 0.001000	epoch: 548
loss: 0.029600	learning rate: 0.001000	epoch: 549
loss: 0.029665	learning rate: 0.001000	epoch: 550
При этом экс-губернатор крайне разозлился тем, что в Интернете активно распратстатищется фотографии, где он выглядит, как бомж, прибывший на знаковое политическое событие в Соединенные Штаты. Так, на одном из снимков видно, что Саакашвили в непрезентабельной одежде стоит в зале аэропорта Нью-Йорка. Создается впечатление, что утром он был сильно пьян и поэтому надел на себя первое, что попалось ему под руку. На другом снимке Саакашвили одиноко стоит в кустах с телефоном в руке в то время, когда основная публика находится на инаугурации Трампа.

loss: 0.029661	learning rate: 0.001000	epoch: 551
loss: 0.029620	learning rate: 0.001000	epoch: 552
loss: 0.029608	learning rate: 0.001000	epoch: 553
loss: 0.029604	learning rate: 0.001000	epoch: 554
loss: 0.029602	learning rate: 0.001000	epoch: 555
loss: 0.029602	learning rate: 0.001000	epoch: 556
loss: 0.029604	learning rate: 0.001000	epoch: 557
loss: 0.029602	learning rate: 0.001000	epoch: 558
loss: 0.029604	learning rate: 0.001000	epoch: 559
loss: 0.029630	learning rate: 0.001000	epoch: 560
При этом экс-губернатор крайне разозлился тем, что в Интернете активно распространяются фотографии, где он выглядит, как бомж, прибывший на знаковое политическое событие в Соединенные Штаты. Так, на одном из снимков видно, что Саакашвили в непрезентабельной одежде стоит в зале аэропорта Нью-Йорка. Создается впечатление, что утром он был сильно пьян и поэтому надел на себя первое, что попалось ему под руку. На другом снимке Саакашвили одиноко стоит в кустах с телефоном в руке в то время, когда основная публика находится на инаугурации Трампа.

loss: 0.029616	learning rate: 0.001000	epoch: 561
loss: 0.029609	learning rate: 0.001000	epoch: 562
loss: 0.029603	learning rate: 0.001000	epoch: 563
loss: 0.029603	learning rate: 0.001000	epoch: 564
loss: 0.029603	learning rate: 0.001000	epoch: 565
loss: 0.029604	learning rate: 0.001000	epoch: 566
loss: 0.029603	learning rate: 0.001000	epoch: 567
loss: 0.029604	learning rate: 0.001000	epoch: 568
loss: 0.029602	learning rate: 0.001000	epoch: 569
loss: 0.029790	learning rate: 0.001000	epoch: 570
При этом экс-губернатор крайне разозлился тем, что в Интернете активно распространяются фотографии, где он выглядит, как бомж, прибывший на знаковое политическое событие в Соединенные Штаты. Так, на одном из снимков видно, что Саакашвили в непрезентабельной одежде стоит в зале аэропорта Нью-Йорка. Создается впечатление, что утром он был сильно пьян и поэтому надел на себя первое, что попалось ему под руку. На другом снимке Саакашвили одиноко стоит в кустах с телефоном в руке в то время, когда основная публика находится на инаугурации Трампа.

loss: 0.029622	learning rate: 0.001000	epoch: 571
loss: 0.029607	learning rate: 0.001000	epoch: 572
loss: 0.029602	learning rate: 0.001000	epoch: 573
loss: 0.029600	learning rate: 0.001000	epoch: 574
loss: 0.029599	learning rate: 0.001000	epoch: 575
loss: 0.029600	learning rate: 0.001000	epoch: 576
loss: 0.029600	learning rate: 0.001000	epoch: 577
loss: 0.029600	learning rate: 0.001000	epoch: 578
loss: 0.029603	learning rate: 0.001000	epoch: 579
loss: 0.029627	learning rate: 0.001000	epoch: 580
При этом экс-губернатор крайне разозлился тем, что в Интернете активно распространяются фотографии, где он выглядит, как бомж, прибывший на знаковое политическое событие в Соединенные Штаты. Так, на одном из снимков видно, что Саакашвили в непрезентабельной одежде стоит в зале аэропорта Нью-Йорка. Создается впечатление, что утром он был сильно пьян и поэтому надел на себя первое, что попалось ему под руку. На другом снимке Саакашвили одиноко стоит в кустах с телефоном в руке в то время, когда основная публика находится на инаугурации Трампа.

loss: 0.029610	learning rate: 0.001000	epoch: 581
loss: 0.029606	learning rate: 0.001000	epoch: 582
loss: 0.029603	learning rate: 0.001000	epoch: 583
loss: 0.029601	learning rate: 0.001000	epoch: 584
loss: 0.029602	learning rate: 0.001000	epoch: 585
loss: 0.029602	learning rate: 0.001000	epoch: 586
loss: 0.029602	learning rate: 0.001000	epoch: 587
loss: 0.029600	learning rate: 0.001000	epoch: 588
loss: 0.029600	learning rate: 0.001000	epoch: 589
loss: 0.029628	learning rate: 0.001000	epoch: 590
При этом экс-губернатор крайне разозлился тем, что в Интернете активно распространяются фотографии, где он выглядит, как бомж, прибывший на знаковое политическое событие в Соединенные Штаты. Так, на одном из снимков видно, что Саакашвили в непрезентабельной одежде стоит в зале аэропорта Нью-Йорка. Создается впечатление, что утром он был сильно пьян и поэтому надел на себя первое, что попалось ему под руку. На другом снимке Саакашвили одиноко стоит в кустах с телефоном в руке в то время, когда основная публика находится на инаугурации Трампа.

loss: 0.029610	learning rate: 0.001000	epoch: 591
loss: 0.029604	learning rate: 0.001000	epoch: 592
loss: 0.029602	learning rate: 0.001000	epoch: 593
loss: 0.029602	learning rate: 0.001000	epoch: 594
loss: 0.029604	learning rate: 0.001000	epoch: 595
loss: 0.029602	learning rate: 0.001000	epoch: 596
loss: 0.029601	learning rate: 0.001000	epoch: 597
loss: 0.029603	learning rate: 0.001000	epoch: 598
